<?xml version="1.0" encoding="UTF-8"?>
<!-- Generated by org.testng.reporters.JUnitXMLReporter -->
<testsuite ignored="1" hostname="LAPTOP-NMFO0EJL" failures="0" tests="4" name="Regression Test" time="0.011" errors="0" timestamp="2020-06-12T21:13:13 EDT">
  <testcase classname="com.test.TestNG_Features" name="loginTest" time="0.002"/>
  <testcase classname="com.test.TestNG_Features" name="interviewQuestionTest" time="0.001"/>
  <testcase classname="com.test.TestNG_Features" name="testNGTest" time="0.0"/>
  <testcase classname="com.test.TestNG_Features" name="seleniumTest" time="0.0"/>
  <testcase classname="com.test.TestNG_Features" name="forumTest" time="0.0">
    <ignored/>
  </testcase> <!-- forumTest -->
</testsuite> <!-- Regression Test -->
